<?xml version="1.0" encoding="UTF-8"?>
<testng-results skipped="0" failed="0" ignored="0" total="1" passed="1">
  <reporter-output>
  </reporter-output>
  <suite name="Surefire suite" duration-ms="8176" started-at="2019-12-03T08:43:02Z" finished-at="2019-12-03T08:43:10Z">
    <groups>
      <group name="cucumber">
        <method signature="AbstractTestNGCucumberTests.runScenario(cucumber.api.testng.PickleEventWrapper, cucumber.api.testng.CucumberFeatureWrapper)[pri:0, instance:concertWebsite.runners.RunnerIT@554cd74a]" name="runScenario" class="cucumber.api.testng.AbstractTestNGCucumberTests"/>
      </group> <!-- cucumber -->
    </groups>
    <test name="Surefire test" duration-ms="8176" started-at="2019-12-03T08:43:02Z" finished-at="2019-12-03T08:43:10Z">
      <class name="concertWebsite.runners.RunnerIT">
        <test-method status="PASS" signature="setUpClass()[pri:0, instance:concertWebsite.runners.RunnerIT@554cd74a]" name="setUpClass" is-config="true" duration-ms="180" started-at="2019-12-03T09:43:02Z" finished-at="2019-12-03T09:43:02Z">
          <reporter-output>
          </reporter-output>
        </test-method> <!-- setUpClass -->
        <test-method status="PASS" signature="runScenario(cucumber.api.testng.PickleEventWrapper, cucumber.api.testng.CucumberFeatureWrapper)[pri:0, instance:concertWebsite.runners.RunnerIT@554cd74a]" name="runScenario" duration-ms="7854" started-at="2019-12-03T09:43:02Z" description="Runs Cucumber Scenarios" data-provider="scenarios" finished-at="2019-12-03T09:43:10Z">
          <params>
            <param index="0">
              <value>
                <![CDATA["Adding a concert"]]>
              </value>
            </param>
            <param index="1">
              <value>
                <![CDATA["Adding concerts"]]>
              </value>
            </param>
          </params>
          <reporter-output>
          </reporter-output>
        </test-method> <!-- runScenario -->
        <test-method status="PASS" signature="tearDownClass()[pri:0, instance:concertWebsite.runners.RunnerIT@554cd74a]" name="tearDownClass" is-config="true" duration-ms="33" started-at="2019-12-03T09:43:10Z" finished-at="2019-12-03T09:43:10Z">
          <reporter-output>
          </reporter-output>
        </test-method> <!-- tearDownClass -->
      </class> <!-- concertWebsite.runners.RunnerIT -->
    </test> <!-- Surefire test -->
  </suite> <!-- Surefire suite -->
</testng-results>
